<?xml version="1.0" encoding="UTF-8"?>
<testng-results skipped="0" failed="0" total="1" passed="1">
  <reporter-output>
  </reporter-output>
  <suite name="Default suite" duration-ms="21014" started-at="2020-12-08T08:15:21Z" finished-at="2020-12-08T08:15:42Z">
    <groups>
      <group name="cucumber">
        <method signature="AbstractTestNGCucumberTests.feature(cucumber.api.testng.CucumberFeatureWrapper)[pri:0, instance:runner.TestRunner@22f71333]" name="feature" class="cucumber.api.testng.AbstractTestNGCucumberTests"/>
      </group> <!-- cucumber -->
    </groups>
    <test name="Default test" duration-ms="21014" started-at="2020-12-08T08:15:21Z" finished-at="2020-12-08T08:15:42Z">
      <class name="runner.TestRunner">
        <test-method status="PASS" signature="setUpClass()[pri:0, instance:runner.TestRunner@22f71333]" name="setUpClass" is-config="true" duration-ms="336" started-at="2020-12-08T13:45:21Z" finished-at="2020-12-08T13:45:21Z">
          <reporter-output>
          </reporter-output>
        </test-method> <!-- setUpClass -->
        <test-method status="PASS" signature="feature(cucumber.api.testng.CucumberFeatureWrapper)[pri:0, instance:runner.TestRunner@22f71333]" name="feature" duration-ms="20558" started-at="2020-12-08T13:45:21Z" description="Runs Cucumber Feature" data-provider="features" finished-at="2020-12-08T13:45:42Z">
          <params>
            <param index="0">
              <value>
                <![CDATA[FreeCRM Website]]>
              </value>
            </param>
          </params>
          <reporter-output>
          </reporter-output>
        </test-method> <!-- feature -->
        <test-method status="PASS" signature="tearDownClass()[pri:0, instance:runner.TestRunner@22f71333]" name="tearDownClass" is-config="true" duration-ms="6" started-at="2020-12-08T13:45:42Z" finished-at="2020-12-08T13:45:42Z">
          <reporter-output>
          </reporter-output>
        </test-method> <!-- tearDownClass -->
      </class> <!-- runner.TestRunner -->
    </test> <!-- Default test -->
  </suite> <!-- Default suite -->
</testng-results>
